-------------------------------------------------------------------------------
Test set: com.adplatform.module.website.service.WebsiteServiceTest
-------------------------------------------------------------------------------
Tests run: 4, Failures: 1, Errors: 0, Skipped: 0, Time elapsed: 0.768 s <<< FAILURE! - in com.adplatform.module.website.service.WebsiteServiceTest
testGetWebsites  Time elapsed: 0.243 s  <<< FAILURE!
org.opentest4j.AssertionFailedError: expected: <true> but was: <false>
	at com.adplatform.module.website.service.WebsiteServiceTest.testGetWebsites(WebsiteServiceTest.java:88)

