<?xml version="1.0" encoding="UTF-8"?>
<testsuite xmlns:xsi="http://www.w3.org/2001/XMLSchema-instance" xsi:noNamespaceSchemaLocation="https://maven.apache.org/surefire/maven-surefire-plugin/xsd/surefire-test-report.xsd" name="com.adplatform.module.user.controller.UserControllerTest" time="5.367" tests="5" errors="2" skipped="0" failures="3">
  <properties>
[...]
</properties>
  <testcase name="testGetCurrentUser" classname="com.adplatform.module.user.controller.UserControllerTest" time="0.093">
    <error message="Unable to create SecurityContext using @org.springframework.security.test.context.support.WithUserDetails(setupBefore=TEST_METHOD, userDetailsServiceBeanName=&quot;testUserDetailsService&quot;, value=&quot;test_user&quot;)" type="java.lang.IllegalStateException">java.lang.IllegalStateException: Unable to create SecurityContext using @org.springframework.security.test.context.support.WithUserDetails(setupBefore=TEST_METHOD, userDetailsServiceBeanName="testUserDetailsService", value="test_user")
Caused by: org.springframework.security.core.userdetails.UsernameNotFoundException: 用户名或密码错误
</error>
    <system-out><![CDATA[2024-12-30 22:11:26.700  INFO 17188 --- [           main] .b.t.c.SpringBootTestContextBootstrapper : Neither @ContextConfiguration nor @ContextHierarchy found for test class [com.adplatform.module.user.controller.UserControllerTest], using SpringBootContextLoader
2024-12-30 22:11:26.702  INFO 17188 --- [           main] o.s.t.c.support.AbstractContextLoader    : Could not detect default resource locations for test class [com.adplatform.module.user.controller.UserControllerTest]: no resource found for suffixes {-context.xml, Context.groovy}.
2024-12-30 22:11:26.704  INFO 17188 --- [           main] t.c.s.AnnotationConfigContextLoaderUtils : Could not detect default configuration classes for test class [com.adplatform.module.user.controller.UserControllerTest]: UserControllerTest does not declare any static, non-private, non-final, nested classes annotated with @Configuration.
2024-12-30 22:11:26.710  INFO 17188 --- [           main] .b.t.c.SpringBootTestContextBootstrapper : Found @SpringBootConfiguration com.adplatform.AdPlatformApplication for test class com.adplatform.module.user.controller.UserControllerTest
2024-12-30 22:11:26.713  INFO 17188 --- [           main] .b.t.c.SpringBootTestContextBootstrapper : Loaded default TestExecutionListener class names from location [META-INF/spring.factories]: [org.springframework.boot.test.mock.mockito.MockitoTestExecutionListener, org.springframework.boot.test.mock.mockito.ResetMocksTestExecutionListener, org.springframework.boot.test.autoconfigure.restdocs.RestDocsTestExecutionListener, org.springframework.boot.test.autoconfigure.web.client.MockRestServiceServerResetTestExecutionListener, org.springframework.boot.test.autoconfigure.web.servlet.MockMvcPrintOnlyOnFailureTestExecutionListener, org.springframework.boot.test.autoconfigure.web.servlet.WebDriverTestExecutionListener, org.springframework.boot.test.autoconfigure.webservices.client.MockWebServiceServerTestExecutionListener, org.springframework.test.context.web.ServletTestExecutionListener, org.springframework.test.context.support.DirtiesContextBeforeModesTestExecutionListener, org.springframework.test.context.event.ApplicationEventsTestExecutionListener, org.springframework.test.context.support.DependencyInjectionTestExecutionListener, org.springframework.test.context.support.DirtiesContextTestExecutionListener, org.springframework.test.context.transaction.TransactionalTestExecutionListener, org.springframework.test.context.jdbc.SqlScriptsTestExecutionListener, org.springframework.test.context.event.EventPublishingTestExecutionListener, org.springframework.security.test.context.support.WithSecurityContextTestExecutionListener, org.springframework.security.test.context.support.ReactorContextTestExecutionListener]
2024-12-30 22:11:26.714  INFO 17188 --- [           main] .b.t.c.SpringBootTestContextBootstrapper : Using TestExecutionListeners: [org.springframework.test.context.web.ServletTestExecutionListener@78679286, org.springframework.test.context.support.DirtiesContextBeforeModesTestExecutionListener@5a4700ba, org.springframework.test.context.event.ApplicationEventsTestExecutionListener@63e38fc8, org.springframework.boot.test.mock.mockito.MockitoTestExecutionListener@523c4a6d, org.springframework.boot.test.autoconfigure.SpringBootDependencyInjectionTestExecutionListener@160b010e, org.springframework.test.context.support.DirtiesContextTestExecutionListener@742b91a5, org.springframework.test.context.transaction.TransactionalTestExecutionListener@bc9cd27, org.springframework.test.context.jdbc.SqlScriptsTestExecutionListener@3b968111, org.springframework.test.context.event.EventPublishingTestExecutionListener@75dbf41c, org.springframework.security.test.context.support.WithSecurityContextTestExecutionListener@5d55e5bb, org.springframework.security.test.context.support.ReactorContextTestExecutionListener@18b0bbc3, org.springframework.boot.test.mock.mockito.ResetMocksTestExecutionListener@17a12fcd, org.springframework.boot.test.autoconfigure.restdocs.RestDocsTestExecutionListener@3d705231, org.springframework.boot.test.autoconfigure.web.client.MockRestServiceServerResetTestExecutionListener@4ffa1019, org.springframework.boot.test.autoconfigure.web.servlet.MockMvcPrintOnlyOnFailureTestExecutionListener@5209c486, org.springframework.boot.test.autoconfigure.web.servlet.WebDriverTestExecutionListener@4c48564d, org.springframework.boot.test.autoconfigure.webservices.client.MockWebServiceServerTestExecutionListener@7316742f]

  .   ____          _            __ _ _
 /\\ / ___'_ __ _ _(_)_ __  __ _ \ \ \ \
( ( )\___ | '_ | '_| | '_ \/ _` | \ \ \ \
 \\/  ___)| |_)| | | | | || (_| |  ) ) ) )
  '  |____| .__|_| |_|_| |_\__, | / / / /
 =========|_|==============|___/=/_/_/_/
 :: Spring Boot ::                (v2.7.5)

2024-12-30 22:11:26.782  INFO 17188 --- [           main] c.a.m.u.controller.UserControllerTest    : Starting UserControllerTest using Java 15.0.2 on czr with PID 17188 (started by CZY in C:\Users\CZY\Desktop\ads\ads)
2024-12-30 22:11:26.782 DEBUG 17188 --- [           main] c.a.m.u.controller.UserControllerTest    : Running with Spring Boot v2.7.5, Spring v5.3.23
2024-12-30 22:11:26.782  INFO 17188 --- [           main] c.a.m.u.controller.UserControllerTest    : The following 1 profile is active: "dev"
2024-12-30 22:11:27.418  INFO 17188 --- [           main] .s.d.r.c.RepositoryConfigurationDelegate : Multiple Spring Data modules found, entering strict repository configuration mode
2024-12-30 22:11:27.418  INFO 17188 --- [           main] .s.d.r.c.RepositoryConfigurationDelegate : Bootstrapping Spring Data Redis repositories in DEFAULT mode.
2024-12-30 22:11:27.498  INFO 17188 --- [           main] .s.d.r.c.RepositoryConfigurationDelegate : Finished Spring Data repository scanning in 78 ms. Found 0 Redis repository interfaces.
Logging initialized using 'class org.apache.ibatis.logging.stdout.StdOutImpl' adapter.
Parsed mapper file: 'file [C:\Users\CZY\Desktop\ads\ads\target\classes\mapper\AdDeliveryTaskMapper.xml]'
Parsed mapper file: 'file [C:\Users\CZY\Desktop\ads\ads\target\classes\mapper\AdvertisementMapper.xml]'
 _ _   |_  _ _|_. ___ _ |    _ 
| | |\/|_)(_| | |_\  |_)||_|_\ 
     /               |         
                        3.5.2 
2024-12-30 22:11:29.035  INFO 17188 --- [           main] pertySourcedRequestMappingHandlerMapping : Mapped URL path [/v2/api-docs] onto method [springfox.documentation.swagger2.web.Swagger2Controller#getDocumentation(String, HttpServletRequest)]
2024-12-30 22:11:29.082  WARN 17188 --- [           main] o.s.s.c.a.web.builders.WebSecurity       : You are asking Spring Security to ignore Ant [pattern='/']. This is not recommended -- please use permitAll via HttpSecurity#authorizeHttpRequests instead.
2024-12-30 22:11:29.083  INFO 17188 --- [           main] o.s.s.web.DefaultSecurityFilterChain     : Will not secure Ant [pattern='/']
2024-12-30 22:11:29.083  WARN 17188 --- [           main] o.s.s.c.a.web.builders.WebSecurity       : You are asking Spring Security to ignore Ant [pattern='/*.html']. This is not recommended -- please use permitAll via HttpSecurity#authorizeHttpRequests instead.
2024-12-30 22:11:29.083  INFO 17188 --- [           main] o.s.s.web.DefaultSecurityFilterChain     : Will not secure Ant [pattern='/*.html']
2024-12-30 22:11:29.083  WARN 17188 --- [           main] o.s.s.c.a.web.builders.WebSecurity       : You are asking Spring Security to ignore Ant [pattern='/css/**']. This is not recommended -- please use permitAll via HttpSecurity#authorizeHttpRequests instead.
2024-12-30 22:11:29.084  INFO 17188 --- [           main] o.s.s.web.DefaultSecurityFilterChain     : Will not secure Ant [pattern='/css/**']
2024-12-30 22:11:29.084  WARN 17188 --- [           main] o.s.s.c.a.web.builders.WebSecurity       : You are asking Spring Security to ignore Ant [pattern='/js/**']. This is not recommended -- please use permitAll via HttpSecurity#authorizeHttpRequests instead.
2024-12-30 22:11:29.084  INFO 17188 --- [           main] o.s.s.web.DefaultSecurityFilterChain     : Will not secure Ant [pattern='/js/**']
2024-12-30 22:11:29.084  WARN 17188 --- [           main] o.s.s.c.a.web.builders.WebSecurity       : You are asking Spring Security to ignore Ant [pattern='/img/**']. This is not recommended -- please use permitAll via HttpSecurity#authorizeHttpRequests instead.
2024-12-30 22:11:29.084  INFO 17188 --- [           main] o.s.s.web.DefaultSecurityFilterChain     : Will not secure Ant [pattern='/img/**']
2024-12-30 22:11:29.084  WARN 17188 --- [           main] o.s.s.c.a.web.builders.WebSecurity       : You are asking Spring Security to ignore Ant [pattern='/fonts/**']. This is not recommended -- please use permitAll via HttpSecurity#authorizeHttpRequests instead.
2024-12-30 22:11:29.086  INFO 17188 --- [           main] o.s.s.web.DefaultSecurityFilterChain     : Will not secure Ant [pattern='/fonts/**']
2024-12-30 22:11:29.086  WARN 17188 --- [           main] o.s.s.c.a.web.builders.WebSecurity       : You are asking Spring Security to ignore Ant [pattern='/favicon.ico']. This is not recommended -- please use permitAll via HttpSecurity#authorizeHttpRequests instead.
2024-12-30 22:11:29.086  INFO 17188 --- [           main] o.s.s.web.DefaultSecurityFilterChain     : Will not secure Ant [pattern='/favicon.ico']
2024-12-30 22:11:29.086  WARN 17188 --- [           main] o.s.s.c.a.web.builders.WebSecurity       : You are asking Spring Security to ignore Ant [pattern='/material/**']. This is not recommended -- please use permitAll via HttpSecurity#authorizeHttpRequests instead.
2024-12-30 22:11:29.086  INFO 17188 --- [           main] o.s.s.web.DefaultSecurityFilterChain     : Will not secure Ant [pattern='/material/**']
2024-12-30 22:11:29.086  WARN 17188 --- [           main] o.s.s.c.a.web.builders.WebSecurity       : You are asking Spring Security to ignore Ant [pattern='/site/**']. This is not recommended -- please use permitAll via HttpSecurity#authorizeHttpRequests instead.
2024-12-30 22:11:29.086  INFO 17188 --- [           main] o.s.s.web.DefaultSecurityFilterChain     : Will not secure Ant [pattern='/site/**']
2024-12-30 22:11:29.086  WARN 17188 --- [           main] o.s.s.c.a.web.builders.WebSecurity       : You are asking Spring Security to ignore Ant [pattern='/admin/**']. This is not recommended -- please use permitAll via HttpSecurity#authorizeHttpRequests instead.
2024-12-30 22:11:29.086  INFO 17188 --- [           main] o.s.s.web.DefaultSecurityFilterChain     : Will not secure Ant [pattern='/admin/**']
2024-12-30 22:11:29.086  WARN 17188 --- [           main] o.s.s.c.a.web.builders.WebSecurity       : You are asking Spring Security to ignore Ant [pattern='/advertiser/**']. This is not recommended -- please use permitAll via HttpSecurity#authorizeHttpRequests instead.
2024-12-30 22:11:29.087  INFO 17188 --- [           main] o.s.s.web.DefaultSecurityFilterChain     : Will not secure Ant [pattern='/advertiser/**']
2024-12-30 22:11:29.087  WARN 17188 --- [           main] o.s.s.c.a.web.builders.WebSecurity       : You are asking Spring Security to ignore Ant [pattern='/publisher/**']. This is not recommended -- please use permitAll via HttpSecurity#authorizeHttpRequests instead.
2024-12-30 22:11:29.087  INFO 17188 --- [           main] o.s.s.web.DefaultSecurityFilterChain     : Will not secure Ant [pattern='/publisher/**']
2024-12-30 22:11:29.257  INFO 17188 --- [           main] o.s.s.web.DefaultSecurityFilterChain     : Will secure any request with [org.springframework.security.web.session.DisableEncodeUrlFilter@314d39f0, org.springframework.security.web.context.request.async.WebAsyncManagerIntegrationFilter@b52d046, org.springframework.security.web.context.SecurityContextPersistenceFilter@43918bef, org.springframework.security.web.header.HeaderWriterFilter@41a6a728, org.springframework.web.filter.CorsFilter@67205ec8, org.springframework.security.web.authentication.logout.LogoutFilter@43582af1, com.adplatform.module.user.security.JwtAuthenticationFilter@65bc66bb, org.springframework.security.web.savedrequest.RequestCacheAwareFilter@f6bcac8, org.springframework.security.web.servletapi.SecurityContextHolderAwareRequestFilter@7b00a3ea, org.springframework.security.web.authentication.AnonymousAuthenticationFilter@3de64145, org.springframework.security.web.session.SessionManagementFilter@1d0d4478, org.springframework.security.web.access.ExceptionTranslationFilter@154b3fba, org.springframework.security.web.access.intercept.FilterSecurityInterceptor@7c0fd22d]
2024-12-30 22:11:29.564  INFO 17188 --- [           main] o.s.b.a.w.s.WelcomePageHandlerMapping    : Adding welcome page: class path resource [static/index.html]
Logging initialized using 'class org.apache.ibatis.logging.stdout.StdOutImpl' adapter.
2024-12-30 22:11:30.172  INFO 17188 --- [           main] o.s.b.t.m.w.SpringBootMockServletContext : Initializing Spring TestDispatcherServlet ''
2024-12-30 22:11:30.172  INFO 17188 --- [           main] o.s.t.web.servlet.TestDispatcherServlet  : Initializing Servlet ''
2024-12-30 22:11:30.173  INFO 17188 --- [           main] o.s.t.web.servlet.TestDispatcherServlet  : Completed initialization in 1 ms
2024-12-30 22:11:30.223  INFO 17188 --- [           main] d.s.w.p.DocumentationPluginsBootstrapper : Context refreshed
2024-12-30 22:11:30.223  INFO 17188 --- [           main] d.s.w.p.DocumentationPluginsBootstrapper : Found 1 custom documentation plugin(s)
2024-12-30 22:11:30.234  INFO 17188 --- [           main] s.d.s.w.s.ApiListingReferenceScanner     : Scanning for api listing references
2024-12-30 22:11:30.332  INFO 17188 --- [           main] .d.s.w.r.o.CachingOperationNameGenerator : Generating unique operation named: deleteUsingDELETE_1
2024-12-30 22:11:30.337  INFO 17188 --- [           main] .d.s.w.r.o.CachingOperationNameGenerator : Generating unique operation named: getByIdUsingGET_1
2024-12-30 22:11:30.391  INFO 17188 --- [           main] c.a.m.u.controller.UserControllerTest    : Started UserControllerTest in 3.674 seconds (JVM running for 41.224)
2024-12-30 22:11:30.393  INFO 17188 --- [           main] c.a.module.user.config.AdminInitializer  : 开始初始化管理员账号...
2024-12-30 22:11:30.394  INFO 17188 --- [           main] com.zaxxer.hikari.HikariDataSource       : HikariPool-4 - Starting...
2024-12-30 22:11:30.582  INFO 17188 --- [           main] com.zaxxer.hikari.HikariDataSource       : HikariPool-4 - Start completed.
Creating a new SqlSession
Registering transaction synchronization for SqlSession [org.apache.ibatis.session.defaults.DefaultSqlSession@22a52fa8]
JDBC Connection [HikariProxyConnection@883622810 wrapping com.mysql.cj.jdbc.ConnectionImpl@d6ee83b] will be managed by Spring
==>  Preparing: SELECT id,username,password,email,phone,user_type,status,balance,create_time,update_time FROM user WHERE (username = ? AND user_type = ?)
==> Parameters: admin1(String), 3(Integer)
<==    Columns: id, username, password, email, phone, user_type, status, balance, create_time, update_time
<==        Row: 1, admin1, $2a$10$JjUBSTF84gFaWuod9E2vs.RcTUV3qhzKEXoAeI0DXYVLru/IT3dmy, admin@adplatform.com, null, 3, 1, 0.00, 2024-12-26 22:42:46, 2024-12-26 22:42:46
<==      Total: 1
Releasing transactional SqlSession [org.apache.ibatis.session.defaults.DefaultSqlSession@22a52fa8]
2024-12-30 22:11:30.621  INFO 17188 --- [           main] c.a.m.user.service.AdminInitService      : 管理员账号已存在，无需初始化
Transaction synchronization committing SqlSession [org.apache.ibatis.session.defaults.DefaultSqlSession@22a52fa8]
Transaction synchronization deregistering SqlSession [org.apache.ibatis.session.defaults.DefaultSqlSession@22a52fa8]
Transaction synchronization closing SqlSession [org.apache.ibatis.session.defaults.DefaultSqlSession@22a52fa8]
2024-12-30 22:11:30.651  INFO 17188 --- [           main] c.a.module.user.config.AdminInitializer  : 管理员账号初始化完成
2024-12-30 22:11:30.673  INFO 17188 --- [           main] o.s.t.c.transaction.TransactionContext   : Began transaction (1) for test context [DefaultTestContext@5ac3673a testClass = UserControllerTest, testInstance = com.adplatform.module.user.controller.UserControllerTest@2b833ee7, testMethod = testGetCurrentUser@UserControllerTest, testException = [null], mergedContextConfiguration = [WebMergedContextConfiguration@315ccea2 testClass = UserControllerTest, locations = '{}', classes = '{class com.adplatform.AdPlatformApplication}', contextInitializerClasses = '[]', activeProfiles = '{}', propertySourceLocations = '{}', propertySourceProperties = '{org.springframework.boot.test.context.SpringBootTestContextBootstrapper=true}', contextCustomizers = set[[ImportsContextCustomizer@559b4958 key = [com.adplatform.module.user.config.TestSecurityConfig, org.springframework.boot.test.autoconfigure.web.servlet.MockMvcAutoConfiguration, org.springframework.boot.test.autoconfigure.web.servlet.MockMvcWebClientAutoConfiguration, org.springframework.boot.test.autoconfigure.web.servlet.MockMvcWebDriverAutoConfiguration, org.springframework.boot.autoconfigure.security.oauth2.client.servlet.OAuth2ClientAutoConfiguration, org.springframework.boot.autoconfigure.security.oauth2.resource.servlet.OAuth2ResourceServerAutoConfiguration, org.springframework.boot.autoconfigure.security.servlet.SecurityAutoConfiguration, org.springframework.boot.autoconfigure.security.servlet.SecurityFilterAutoConfiguration, org.springframework.boot.autoconfigure.security.servlet.UserDetailsServiceAutoConfiguration, org.springframework.boot.test.autoconfigure.web.servlet.MockMvcSecurityConfiguration, org.springframework.boot.test.autoconfigure.web.reactive.WebTestClientAutoConfiguration]], org.springframework.boot.test.context.filter.ExcludeFilterContextCustomizer@3cfdd820, org.springframework.boot.test.json.DuplicateJsonObjectContextCustomizerFactory$DuplicateJsonObjectContextCustomizer@dc9876b, org.springframework.boot.test.mock.mockito.MockitoContextCustomizer@0, org.springframework.boot.test.web.client.TestRestTemplateContextCustomizer@7ba8c737, org.springframework.boot.test.autoconfigure.actuate.metrics.MetricsExportContextCustomizerFactory$DisableMetricExportContextCustomizer@6dd7b5a3, org.springframework.boot.test.autoconfigure.properties.PropertyMappingContextCustomizer@4b3fa0b3, org.springframework.boot.test.autoconfigure.web.servlet.WebDriverContextCustomizerFactory$Customizer@4f4c4b1a, org.springframework.boot.test.context.SpringBootTestArgs@1, org.springframework.boot.test.context.SpringBootTestWebEnvironment@7bc1a03d], resourceBasePath = 'src/main/webapp', contextLoader = 'org.springframework.boot.test.context.SpringBootContextLoader', parent = [null]], attributes = map['org.springframework.test.context.web.ServletTestExecutionListener.activateListener' -> true, 'org.springframework.test.context.web.ServletTestExecutionListener.populatedRequestContextHolder' -> true, 'org.springframework.test.context.web.ServletTestExecutionListener.resetRequestContextHolder' -> true, 'org.springframework.test.context.event.ApplicationEventsTestExecutionListener.recordApplicationEvents' -> false]]; transaction manager [org.springframework.jdbc.support.JdbcTransactionManager@14a00e66]; rollback [true]
2024-12-30 22:11:30.682  INFO 17188 --- [           main] c.a.m.u.security.UserDetailsServiceImpl  : 开始加载用户详情，用户名: test_user
Creating a new SqlSession
Registering transaction synchronization for SqlSession [org.apache.ibatis.session.defaults.DefaultSqlSession@61ba034a]
JDBC Connection [HikariProxyConnection@1395846122 wrapping com.mysql.cj.jdbc.ConnectionImpl@d6ee83b] will be managed by Spring
==>  Preparing: SELECT id,username,password,email,phone,user_type,status,balance,create_time,update_time FROM user WHERE (username = ?)
==> Parameters: test_user(String)
<==      Total: 0
Releasing transactional SqlSession [org.apache.ibatis.session.defaults.DefaultSqlSession@61ba034a]
2024-12-30 22:11:30.700 ERROR 17188 --- [           main] c.a.m.u.security.UserDetailsServiceImpl  : 用户不存在，用户名: test_user
2024-12-30 22:11:30.708  WARN 17188 --- [           main] o.s.test.context.TestContextManager      : Caught exception while invoking 'beforeTestMethod' callback on TestExecutionListener [org.springframework.security.test.context.support.WithSecurityContextTestExecutionListener@5d55e5bb] for test method [public void com.adplatform.module.user.controller.UserControllerTest.testGetCurrentUser() throws java.lang.Exception] and test instance [com.adplatform.module.user.controller.UserControllerTest@2b833ee7]

java.lang.IllegalStateException: Unable to create SecurityContext using @org.springframework.security.test.context.support.WithUserDetails(setupBefore=TEST_METHOD, userDetailsServiceBeanName="testUserDetailsService", value="test_user")
	at org.springframework.security.test.context.support.WithSecurityContextTestExecutionListener.lambda$createTestSecurityContext$0(WithSecurityContextTestExecutionListener.java:126) ~[spring-security-test-5.7.4.jar:5.7.4]
	at org.springframework.security.test.context.support.WithSecurityContextTestExecutionListener.beforeTestMethod(WithSecurityContextTestExecutionListener.java:73) ~[spring-security-test-5.7.4.jar:5.7.4]
	at org.springframework.test.context.TestContextManager.beforeTestMethod(TestContextManager.java:293) ~[spring-test-5.3.23.jar:5.3.23]
	at org.springframework.test.context.junit.jupiter.SpringExtension.beforeEach(SpringExtension.java:174) ~[spring-test-5.3.23.jar:5.3.23]
	at org.junit.jupiter.engine.descriptor.TestMethodTestDescriptor.lambda$invokeBeforeEachCallbacks$2(TestMethodTestDescriptor.java:163) ~[junit-jupiter-engine-5.8.2.jar:5.8.2]
	at org.junit.jupiter.engine.descriptor.TestMethodTestDescriptor.lambda$invokeBeforeMethodsOrCallbacksUntilExceptionOccurs$6(TestMethodTestDescriptor.java:199) ~[junit-jupiter-engine-5.8.2.jar:5.8.2]
	at org.junit.platform.engine.support.hierarchical.ThrowableCollector.execute(ThrowableCollector.java:73) ~[junit-platform-engine-1.8.2.jar:1.8.2]
	at org.junit.jupiter.engine.descriptor.TestMethodTestDescriptor.invokeBeforeMethodsOrCallbacksUntilExceptionOccurs(TestMethodTestDescriptor.java:199) ~[junit-jupiter-engine-5.8.2.jar:5.8.2]
	at org.junit.jupiter.engine.descriptor.TestMethodTestDescriptor.invokeBeforeEachCallbacks(TestMethodTestDescriptor.java:162) ~[junit-jupiter-engine-5.8.2.jar:5.8.2]
	at org.junit.jupiter.engine.descriptor.TestMethodTestDescriptor.execute(TestMethodTestDescriptor.java:129) ~[junit-jupiter-engine-5.8.2.jar:5.8.2]
	at org.junit.jupiter.engine.descriptor.TestMethodTestDescriptor.execute(TestMethodTestDescriptor.java:66) ~[junit-jupiter-engine-5.8.2.jar:5.8.2]
	at org.junit.platform.engine.support.hierarchical.NodeTestTask.lambda$executeRecursively$6(NodeTestTask.java:151) ~[junit-platform-engine-1.8.2.jar:1.8.2]
	at org.junit.platform.engine.support.hierarchical.ThrowableCollector.execute(ThrowableCollector.java:73) ~[junit-platform-engine-1.8.2.jar:1.8.2]
	at org.junit.platform.engine.support.hierarchical.NodeTestTask.lambda$executeRecursively$8(NodeTestTask.java:141) ~[junit-platform-engine-1.8.2.jar:1.8.2]
	at org.junit.platform.engine.support.hierarchical.Node.around(Node.java:137) ~[junit-platform-engine-1.8.2.jar:1.8.2]
	at org.junit.platform.engine.support.hierarchical.NodeTestTask.lambda$executeRecursively$9(NodeTestTask.java:139) ~[junit-platform-engine-1.8.2.jar:1.8.2]
	at org.junit.platform.engine.support.hierarchical.ThrowableCollector.execute(ThrowableCollector.java:73) ~[junit-platform-engine-1.8.2.jar:1.8.2]
	at org.junit.platform.engine.support.hierarchical.NodeTestTask.executeRecursively(NodeTestTask.java:138) ~[junit-platform-engine-1.8.2.jar:1.8.2]
	at org.junit.platform.engine.support.hierarchical.NodeTestTask.execute(NodeTestTask.java:95) ~[junit-platform-engine-1.8.2.jar:1.8.2]
	at java.base/java.util.ArrayList.forEach(ArrayList.java:1511) ~[na:na]
	at org.junit.platform.engine.support.hierarchical.SameThreadHierarchicalTestExecutorService.invokeAll(SameThreadHierarchicalTestExecutorService.java:41) ~[junit-platform-engine-1.8.2.jar:1.8.2]
	at org.junit.platform.engine.support.hierarchical.NodeTestTask.lambda$executeRecursively$6(NodeTestTask.java:155) ~[junit-platform-engine-1.8.2.jar:1.8.2]
	at org.junit.platform.engine.support.hierarchical.ThrowableCollector.execute(ThrowableCollector.java:73) ~[junit-platform-engine-1.8.2.jar:1.8.2]
	at org.junit.platform.engine.support.hierarchical.NodeTestTask.lambda$executeRecursively$8(NodeTestTask.java:141) ~[junit-platform-engine-1.8.2.jar:1.8.2]
	at org.junit.platform.engine.support.hierarchical.Node.around(Node.java:137) ~[junit-platform-engine-1.8.2.jar:1.8.2]
	at org.junit.platform.engine.support.hierarchical.NodeTestTask.lambda$executeRecursively$9(NodeTestTask.java:139) ~[junit-platform-engine-1.8.2.jar:1.8.2]
	at org.junit.platform.engine.support.hierarchical.ThrowableCollector.execute(ThrowableCollector.java:73) ~[junit-platform-engine-1.8.2.jar:1.8.2]
	at org.junit.platform.engine.support.hierarchical.NodeTestTask.executeRecursively(NodeTestTask.java:138) ~[junit-platform-engine-1.8.2.jar:1.8.2]
	at org.junit.platform.engine.support.hierarchical.NodeTestTask.execute(NodeTestTask.java:95) ~[junit-platform-engine-1.8.2.jar:1.8.2]
	at java.base/java.util.ArrayList.forEach(ArrayList.java:1511) ~[na:na]
	at org.junit.platform.engine.support.hierarchical.SameThreadHierarchicalTestExecutorService.invokeAll(SameThreadHierarchicalTestExecutorService.java:41) ~[junit-platform-engine-1.8.2.jar:1.8.2]
	at org.junit.platform.engine.support.hierarchical.NodeTestTask.lambda$executeRecursively$6(NodeTestTask.java:155) ~[junit-platform-engine-1.8.2.jar:1.8.2]
	at org.junit.platform.engine.support.hierarchical.ThrowableCollector.execute(ThrowableCollector.java:73) ~[junit-platform-engine-1.8.2.jar:1.8.2]
	at org.junit.platform.engine.support.hierarchical.NodeTestTask.lambda$executeRecursively$8(NodeTestTask.java:141) ~[junit-platform-engine-1.8.2.jar:1.8.2]
	at org.junit.platform.engine.support.hierarchical.Node.around(Node.java:137) ~[junit-platform-engine-1.8.2.jar:1.8.2]
	at org.junit.platform.engine.support.hierarchical.NodeTestTask.lambda$executeRecursively$9(NodeTestTask.java:139) ~[junit-platform-engine-1.8.2.jar:1.8.2]
	at org.junit.platform.engine.support.hierarchical.ThrowableCollector.execute(ThrowableCollector.java:73) ~[junit-platform-engine-1.8.2.jar:1.8.2]
	at org.junit.platform.engine.support.hierarchical.NodeTestTask.executeRecursively(NodeTestTask.java:138) ~[junit-platform-engine-1.8.2.jar:1.8.2]
	at org.junit.platform.engine.support.hierarchical.NodeTestTask.execute(NodeTestTask.java:95) ~[junit-platform-engine-1.8.2.jar:1.8.2]
	at org.junit.platform.engine.support.hierarchical.SameThreadHierarchicalTestExecutorService.submit(SameThreadHierarchicalTestExecutorService.java:35) ~[junit-platform-engine-1.8.2.jar:1.8.2]
	at org.junit.platform.engine.support.hierarchical.HierarchicalTestExecutor.execute(HierarchicalTestExecutor.java:57) ~[junit-platform-engine-1.8.2.jar:1.8.2]
	at org.junit.platform.engine.support.hierarchical.HierarchicalTestEngine.execute(HierarchicalTestEngine.java:54) ~[junit-platform-engine-1.8.2.jar:1.8.2]
	at org.junit.platform.launcher.core.DefaultLauncher.execute(DefaultLauncher.java:220) ~[junit-platform-launcher-1.3.1.jar:1.3.1]
	at org.junit.platform.launcher.core.DefaultLauncher.lambda$execute$6(DefaultLauncher.java:188) ~[junit-platform-launcher-1.3.1.jar:1.3.1]
	at org.junit.platform.launcher.core.DefaultLauncher.withInterceptedStreams(DefaultLauncher.java:202) ~[junit-platform-launcher-1.3.1.jar:1.3.1]
	at org.junit.platform.launcher.core.DefaultLauncher.execute(DefaultLauncher.java:181) ~[junit-platform-launcher-1.3.1.jar:1.3.1]
	at org.junit.platform.launcher.core.DefaultLauncher.execute(DefaultLauncher.java:128) ~[junit-platform-launcher-1.3.1.jar:1.3.1]
	at org.apache.maven.surefire.junitplatform.JUnitPlatformProvider.invokeAllTests(JUnitPlatformProvider.java:150) ~[surefire-junit-platform-2.22.2.jar:2.22.2]
	at org.apache.maven.surefire.junitplatform.JUnitPlatformProvider.invoke(JUnitPlatformProvider.java:124) ~[surefire-junit-platform-2.22.2.jar:2.22.2]
	at org.apache.maven.surefire.booter.ForkedBooter.invokeProviderInSameClassLoader(ForkedBooter.java:384) ~[surefire-booter-2.22.2.jar:2.22.2]
	at org.apache.maven.surefire.booter.ForkedBooter.runSuitesInProcess(ForkedBooter.java:345) ~[surefire-booter-2.22.2.jar:2.22.2]
	at org.apache.maven.surefire.booter.ForkedBooter.execute(ForkedBooter.java:126) ~[surefire-booter-2.22.2.jar:2.22.2]
	at org.apache.maven.surefire.booter.ForkedBooter.main(ForkedBooter.java:418) ~[surefire-booter-2.22.2.jar:2.22.2]
Caused by: org.springframework.security.core.userdetails.UsernameNotFoundException: 用户名或密码错误
	at com.adplatform.module.user.security.UserDetailsServiceImpl.loadUserByUsername(UserDetailsServiceImpl.java:35) ~[classes/:na]
	at org.springframework.security.test.context.support.WithUserDetailsSecurityContextFactory.createSecurityContext(WithUserDetailsSecurityContextFactory.java:61) ~[spring-security-test-5.7.4.jar:5.7.4]
	at org.springframework.security.test.context.support.WithUserDetailsSecurityContextFactory.createSecurityContext(WithUserDetailsSecurityContextFactory.java:43) ~[spring-security-test-5.7.4.jar:5.7.4]
	at org.springframework.security.test.context.support.WithSecurityContextTestExecutionListener.lambda$createTestSecurityContext$0(WithSecurityContextTestExecutionListener.java:123) ~[spring-security-test-5.7.4.jar:5.7.4]
	... 52 common frames omitted

Transaction synchronization deregistering SqlSession [org.apache.ibatis.session.defaults.DefaultSqlSession@61ba034a]
Transaction synchronization closing SqlSession [org.apache.ibatis.session.defaults.DefaultSqlSession@61ba034a]
2024-12-30 22:11:30.749  INFO 17188 --- [           main] o.s.t.c.transaction.TransactionContext   : Rolled back transaction for test: [DefaultTestContext@5ac3673a testClass = UserControllerTest, testInstance = com.adplatform.module.user.controller.UserControllerTest@2b833ee7, testMethod = testGetCurrentUser@UserControllerTest, testException = java.lang.IllegalStateException: Unable to create SecurityContext using @org.springframework.security.test.context.support.WithUserDetails(setupBefore=TEST_METHOD, userDetailsServiceBeanName="testUserDetailsService", value="test_user"), mergedContextConfiguration = [WebMergedContextConfiguration@315ccea2 testClass = UserControllerTest, locations = '{}', classes = '{class com.adplatform.AdPlatformApplication}', contextInitializerClasses = '[]', activeProfiles = '{}', propertySourceLocations = '{}', propertySourceProperties = '{org.springframework.boot.test.context.SpringBootTestContextBootstrapper=true}', contextCustomizers = set[[ImportsContextCustomizer@559b4958 key = [com.adplatform.module.user.config.TestSecurityConfig, org.springframework.boot.test.autoconfigure.web.servlet.MockMvcAutoConfiguration, org.springframework.boot.test.autoconfigure.web.servlet.MockMvcWebClientAutoConfiguration, org.springframework.boot.test.autoconfigure.web.servlet.MockMvcWebDriverAutoConfiguration, org.springframework.boot.autoconfigure.security.oauth2.client.servlet.OAuth2ClientAutoConfiguration, org.springframework.boot.autoconfigure.security.oauth2.resource.servlet.OAuth2ResourceServerAutoConfiguration, org.springframework.boot.autoconfigure.security.servlet.SecurityAutoConfiguration, org.springframework.boot.autoconfigure.security.servlet.SecurityFilterAutoConfiguration, org.springframework.boot.autoconfigure.security.servlet.UserDetailsServiceAutoConfiguration, org.springframework.boot.test.autoconfigure.web.servlet.MockMvcSecurityConfiguration, org.springframework.boot.test.autoconfigure.web.reactive.WebTestClientAutoConfiguration]], org.springframework.boot.test.context.filter.ExcludeFilterContextCustomizer@3cfdd820, org.springframework.boot.test.json.DuplicateJsonObjectContextCustomizerFactory$DuplicateJsonObjectContextCustomizer@dc9876b, org.springframework.boot.test.mock.mockito.MockitoContextCustomizer@0, org.springframework.boot.test.web.client.TestRestTemplateContextCustomizer@7ba8c737, org.springframework.boot.test.autoconfigure.actuate.metrics.MetricsExportContextCustomizerFactory$DisableMetricExportContextCustomizer@6dd7b5a3, org.springframework.boot.test.autoconfigure.properties.PropertyMappingContextCustomizer@4b3fa0b3, org.springframework.boot.test.autoconfigure.web.servlet.WebDriverContextCustomizerFactory$Customizer@4f4c4b1a, org.springframework.boot.test.context.SpringBootTestArgs@1, org.springframework.boot.test.context.SpringBootTestWebEnvironment@7bc1a03d], resourceBasePath = 'src/main/webapp', contextLoader = 'org.springframework.boot.test.context.SpringBootContextLoader', parent = [null]], attributes = map['org.springframework.test.context.web.ServletTestExecutionListener.activateListener' -> true, 'org.springframework.test.context.web.ServletTestExecutionListener.populatedRequestContextHolder' -> true, 'org.springframework.test.context.web.ServletTestExecutionListener.resetRequestContextHolder' -> true, 'org.springframework.test.context.event.ApplicationEventsTestExecutionListener.recordApplicationEvents' -> false]]
]]></system-out>
  </testcase>
  <testcase name="testGetUserByIdWithoutPermission" classname="com.adplatform.module.user.controller.UserControllerTest" time="0.078">
    <error message="Unable to create SecurityContext using @org.springframework.security.test.context.support.WithUserDetails(setupBefore=TEST_METHOD, userDetailsServiceBeanName=&quot;testUserDetailsService&quot;, value=&quot;test_user&quot;)" type="java.lang.IllegalStateException">java.lang.IllegalStateException: Unable to create SecurityContext using @org.springframework.security.test.context.support.WithUserDetails(setupBefore=TEST_METHOD, userDetailsServiceBeanName="testUserDetailsService", value="test_user")
Caused by: org.springframework.security.core.userdetails.UsernameNotFoundException: 用户名或密码错误
</error>
    <system-out><![CDATA[2024-12-30 22:11:30.768  INFO 17188 --- [           main] o.s.t.c.transaction.TransactionContext   : Began transaction (1) for test context [DefaultTestContext@5ac3673a testClass = UserControllerTest, testInstance = com.adplatform.module.user.controller.UserControllerTest@5680639f, testMethod = testGetUserByIdWithoutPermission@UserControllerTest, testException = [null], mergedContextConfiguration = [WebMergedContextConfiguration@315ccea2 testClass = UserControllerTest, locations = '{}', classes = '{class com.adplatform.AdPlatformApplication}', contextInitializerClasses = '[]', activeProfiles = '{}', propertySourceLocations = '{}', propertySourceProperties = '{org.springframework.boot.test.context.SpringBootTestContextBootstrapper=true}', contextCustomizers = set[[ImportsContextCustomizer@559b4958 key = [com.adplatform.module.user.config.TestSecurityConfig, org.springframework.boot.test.autoconfigure.web.servlet.MockMvcAutoConfiguration, org.springframework.boot.test.autoconfigure.web.servlet.MockMvcWebClientAutoConfiguration, org.springframework.boot.test.autoconfigure.web.servlet.MockMvcWebDriverAutoConfiguration, org.springframework.boot.autoconfigure.security.oauth2.client.servlet.OAuth2ClientAutoConfiguration, org.springframework.boot.autoconfigure.security.oauth2.resource.servlet.OAuth2ResourceServerAutoConfiguration, org.springframework.boot.autoconfigure.security.servlet.SecurityAutoConfiguration, org.springframework.boot.autoconfigure.security.servlet.SecurityFilterAutoConfiguration, org.springframework.boot.autoconfigure.security.servlet.UserDetailsServiceAutoConfiguration, org.springframework.boot.test.autoconfigure.web.servlet.MockMvcSecurityConfiguration, org.springframework.boot.test.autoconfigure.web.reactive.WebTestClientAutoConfiguration]], org.springframework.boot.test.context.filter.ExcludeFilterContextCustomizer@3cfdd820, org.springframework.boot.test.json.DuplicateJsonObjectContextCustomizerFactory$DuplicateJsonObjectContextCustomizer@dc9876b, org.springframework.boot.test.mock.mockito.MockitoContextCustomizer@0, org.springframework.boot.test.web.client.TestRestTemplateContextCustomizer@7ba8c737, org.springframework.boot.test.autoconfigure.actuate.metrics.MetricsExportContextCustomizerFactory$DisableMetricExportContextCustomizer@6dd7b5a3, org.springframework.boot.test.autoconfigure.properties.PropertyMappingContextCustomizer@4b3fa0b3, org.springframework.boot.test.autoconfigure.web.servlet.WebDriverContextCustomizerFactory$Customizer@4f4c4b1a, org.springframework.boot.test.context.SpringBootTestArgs@1, org.springframework.boot.test.context.SpringBootTestWebEnvironment@7bc1a03d], resourceBasePath = 'src/main/webapp', contextLoader = 'org.springframework.boot.test.context.SpringBootContextLoader', parent = [null]], attributes = map['org.springframework.test.context.web.ServletTestExecutionListener.activateListener' -> true, 'org.springframework.test.context.web.ServletTestExecutionListener.populatedRequestContextHolder' -> true, 'org.springframework.test.context.web.ServletTestExecutionListener.resetRequestContextHolder' -> true, 'org.springframework.test.context.event.ApplicationEventsTestExecutionListener.recordApplicationEvents' -> false]]; transaction manager [org.springframework.jdbc.support.JdbcTransactionManager@14a00e66]; rollback [true]
2024-12-30 22:11:30.769  INFO 17188 --- [           main] c.a.m.u.security.UserDetailsServiceImpl  : 开始加载用户详情，用户名: test_user
Creating a new SqlSession
Registering transaction synchronization for SqlSession [org.apache.ibatis.session.defaults.DefaultSqlSession@3f7665c5]
JDBC Connection [HikariProxyConnection@1291134839 wrapping com.mysql.cj.jdbc.ConnectionImpl@d6ee83b] will be managed by Spring
==>  Preparing: SELECT id,username,password,email,phone,user_type,status,balance,create_time,update_time FROM user WHERE (username = ?)
==> Parameters: test_user(String)
<==      Total: 0
Releasing transactional SqlSession [org.apache.ibatis.session.defaults.DefaultSqlSession@3f7665c5]
2024-12-30 22:11:30.788 ERROR 17188 --- [           main] c.a.m.u.security.UserDetailsServiceImpl  : 用户不存在，用户名: test_user
2024-12-30 22:11:30.790  WARN 17188 --- [           main] o.s.test.context.TestContextManager      : Caught exception while invoking 'beforeTestMethod' callback on TestExecutionListener [org.springframework.security.test.context.support.WithSecurityContextTestExecutionListener@5d55e5bb] for test method [public void com.adplatform.module.user.controller.UserControllerTest.testGetUserByIdWithoutPermission() throws java.lang.Exception] and test instance [com.adplatform.module.user.controller.UserControllerTest@5680639f]

java.lang.IllegalStateException: Unable to create SecurityContext using @org.springframework.security.test.context.support.WithUserDetails(setupBefore=TEST_METHOD, userDetailsServiceBeanName="testUserDetailsService", value="test_user")
	at org.springframework.security.test.context.support.WithSecurityContextTestExecutionListener.lambda$createTestSecurityContext$0(WithSecurityContextTestExecutionListener.java:126) ~[spring-security-test-5.7.4.jar:5.7.4]
	at org.springframework.security.test.context.support.WithSecurityContextTestExecutionListener.beforeTestMethod(WithSecurityContextTestExecutionListener.java:73) ~[spring-security-test-5.7.4.jar:5.7.4]
	at org.springframework.test.context.TestContextManager.beforeTestMethod(TestContextManager.java:293) ~[spring-test-5.3.23.jar:5.3.23]
	at org.springframework.test.context.junit.jupiter.SpringExtension.beforeEach(SpringExtension.java:174) ~[spring-test-5.3.23.jar:5.3.23]
	at org.junit.jupiter.engine.descriptor.TestMethodTestDescriptor.lambda$invokeBeforeEachCallbacks$2(TestMethodTestDescriptor.java:163) ~[junit-jupiter-engine-5.8.2.jar:5.8.2]
	at org.junit.jupiter.engine.descriptor.TestMethodTestDescriptor.lambda$invokeBeforeMethodsOrCallbacksUntilExceptionOccurs$6(TestMethodTestDescriptor.java:199) ~[junit-jupiter-engine-5.8.2.jar:5.8.2]
	at org.junit.platform.engine.support.hierarchical.ThrowableCollector.execute(ThrowableCollector.java:73) ~[junit-platform-engine-1.8.2.jar:1.8.2]
	at org.junit.jupiter.engine.descriptor.TestMethodTestDescriptor.invokeBeforeMethodsOrCallbacksUntilExceptionOccurs(TestMethodTestDescriptor.java:199) ~[junit-jupiter-engine-5.8.2.jar:5.8.2]
	at org.junit.jupiter.engine.descriptor.TestMethodTestDescriptor.invokeBeforeEachCallbacks(TestMethodTestDescriptor.java:162) ~[junit-jupiter-engine-5.8.2.jar:5.8.2]
	at org.junit.jupiter.engine.descriptor.TestMethodTestDescriptor.execute(TestMethodTestDescriptor.java:129) ~[junit-jupiter-engine-5.8.2.jar:5.8.2]
	at org.junit.jupiter.engine.descriptor.TestMethodTestDescriptor.execute(TestMethodTestDescriptor.java:66) ~[junit-jupiter-engine-5.8.2.jar:5.8.2]
	at org.junit.platform.engine.support.hierarchical.NodeTestTask.lambda$executeRecursively$6(NodeTestTask.java:151) ~[junit-platform-engine-1.8.2.jar:1.8.2]
	at org.junit.platform.engine.support.hierarchical.ThrowableCollector.execute(ThrowableCollector.java:73) ~[junit-platform-engine-1.8.2.jar:1.8.2]
	at org.junit.platform.engine.support.hierarchical.NodeTestTask.lambda$executeRecursively$8(NodeTestTask.java:141) ~[junit-platform-engine-1.8.2.jar:1.8.2]
	at org.junit.platform.engine.support.hierarchical.Node.around(Node.java:137) ~[junit-platform-engine-1.8.2.jar:1.8.2]
	at org.junit.platform.engine.support.hierarchical.NodeTestTask.lambda$executeRecursively$9(NodeTestTask.java:139) ~[junit-platform-engine-1.8.2.jar:1.8.2]
	at org.junit.platform.engine.support.hierarchical.ThrowableCollector.execute(ThrowableCollector.java:73) ~[junit-platform-engine-1.8.2.jar:1.8.2]
	at org.junit.platform.engine.support.hierarchical.NodeTestTask.executeRecursively(NodeTestTask.java:138) ~[junit-platform-engine-1.8.2.jar:1.8.2]
	at org.junit.platform.engine.support.hierarchical.NodeTestTask.execute(NodeTestTask.java:95) ~[junit-platform-engine-1.8.2.jar:1.8.2]
	at java.base/java.util.ArrayList.forEach(ArrayList.java:1511) ~[na:na]
	at org.junit.platform.engine.support.hierarchical.SameThreadHierarchicalTestExecutorService.invokeAll(SameThreadHierarchicalTestExecutorService.java:41) ~[junit-platform-engine-1.8.2.jar:1.8.2]
	at org.junit.platform.engine.support.hierarchical.NodeTestTask.lambda$executeRecursively$6(NodeTestTask.java:155) ~[junit-platform-engine-1.8.2.jar:1.8.2]
	at org.junit.platform.engine.support.hierarchical.ThrowableCollector.execute(ThrowableCollector.java:73) ~[junit-platform-engine-1.8.2.jar:1.8.2]
	at org.junit.platform.engine.support.hierarchical.NodeTestTask.lambda$executeRecursively$8(NodeTestTask.java:141) ~[junit-platform-engine-1.8.2.jar:1.8.2]
	at org.junit.platform.engine.support.hierarchical.Node.around(Node.java:137) ~[junit-platform-engine-1.8.2.jar:1.8.2]
	at org.junit.platform.engine.support.hierarchical.NodeTestTask.lambda$executeRecursively$9(NodeTestTask.java:139) ~[junit-platform-engine-1.8.2.jar:1.8.2]
	at org.junit.platform.engine.support.hierarchical.ThrowableCollector.execute(ThrowableCollector.java:73) ~[junit-platform-engine-1.8.2.jar:1.8.2]
	at org.junit.platform.engine.support.hierarchical.NodeTestTask.executeRecursively(NodeTestTask.java:138) ~[junit-platform-engine-1.8.2.jar:1.8.2]
	at org.junit.platform.engine.support.hierarchical.NodeTestTask.execute(NodeTestTask.java:95) ~[junit-platform-engine-1.8.2.jar:1.8.2]
	at java.base/java.util.ArrayList.forEach(ArrayList.java:1511) ~[na:na]
	at org.junit.platform.engine.support.hierarchical.SameThreadHierarchicalTestExecutorService.invokeAll(SameThreadHierarchicalTestExecutorService.java:41) ~[junit-platform-engine-1.8.2.jar:1.8.2]
	at org.junit.platform.engine.support.hierarchical.NodeTestTask.lambda$executeRecursively$6(NodeTestTask.java:155) ~[junit-platform-engine-1.8.2.jar:1.8.2]
	at org.junit.platform.engine.support.hierarchical.ThrowableCollector.execute(ThrowableCollector.java:73) ~[junit-platform-engine-1.8.2.jar:1.8.2]
	at org.junit.platform.engine.support.hierarchical.NodeTestTask.lambda$executeRecursively$8(NodeTestTask.java:141) ~[junit-platform-engine-1.8.2.jar:1.8.2]
	at org.junit.platform.engine.support.hierarchical.Node.around(Node.java:137) ~[junit-platform-engine-1.8.2.jar:1.8.2]
	at org.junit.platform.engine.support.hierarchical.NodeTestTask.lambda$executeRecursively$9(NodeTestTask.java:139) ~[junit-platform-engine-1.8.2.jar:1.8.2]
	at org.junit.platform.engine.support.hierarchical.ThrowableCollector.execute(ThrowableCollector.java:73) ~[junit-platform-engine-1.8.2.jar:1.8.2]
	at org.junit.platform.engine.support.hierarchical.NodeTestTask.executeRecursively(NodeTestTask.java:138) ~[junit-platform-engine-1.8.2.jar:1.8.2]
	at org.junit.platform.engine.support.hierarchical.NodeTestTask.execute(NodeTestTask.java:95) ~[junit-platform-engine-1.8.2.jar:1.8.2]
	at org.junit.platform.engine.support.hierarchical.SameThreadHierarchicalTestExecutorService.submit(SameThreadHierarchicalTestExecutorService.java:35) ~[junit-platform-engine-1.8.2.jar:1.8.2]
	at org.junit.platform.engine.support.hierarchical.HierarchicalTestExecutor.execute(HierarchicalTestExecutor.java:57) ~[junit-platform-engine-1.8.2.jar:1.8.2]
	at org.junit.platform.engine.support.hierarchical.HierarchicalTestEngine.execute(HierarchicalTestEngine.java:54) ~[junit-platform-engine-1.8.2.jar:1.8.2]
	at org.junit.platform.launcher.core.DefaultLauncher.execute(DefaultLauncher.java:220) ~[junit-platform-launcher-1.3.1.jar:1.3.1]
	at org.junit.platform.launcher.core.DefaultLauncher.lambda$execute$6(DefaultLauncher.java:188) ~[junit-platform-launcher-1.3.1.jar:1.3.1]
	at org.junit.platform.launcher.core.DefaultLauncher.withInterceptedStreams(DefaultLauncher.java:202) ~[junit-platform-launcher-1.3.1.jar:1.3.1]
	at org.junit.platform.launcher.core.DefaultLauncher.execute(DefaultLauncher.java:181) ~[junit-platform-launcher-1.3.1.jar:1.3.1]
	at org.junit.platform.launcher.core.DefaultLauncher.execute(DefaultLauncher.java:128) ~[junit-platform-launcher-1.3.1.jar:1.3.1]
	at org.apache.maven.surefire.junitplatform.JUnitPlatformProvider.invokeAllTests(JUnitPlatformProvider.java:150) ~[surefire-junit-platform-2.22.2.jar:2.22.2]
	at org.apache.maven.surefire.junitplatform.JUnitPlatformProvider.invoke(JUnitPlatformProvider.java:124) ~[surefire-junit-platform-2.22.2.jar:2.22.2]
	at org.apache.maven.surefire.booter.ForkedBooter.invokeProviderInSameClassLoader(ForkedBooter.java:384) ~[surefire-booter-2.22.2.jar:2.22.2]
	at org.apache.maven.surefire.booter.ForkedBooter.runSuitesInProcess(ForkedBooter.java:345) ~[surefire-booter-2.22.2.jar:2.22.2]
	at org.apache.maven.surefire.booter.ForkedBooter.execute(ForkedBooter.java:126) ~[surefire-booter-2.22.2.jar:2.22.2]
	at org.apache.maven.surefire.booter.ForkedBooter.main(ForkedBooter.java:418) ~[surefire-booter-2.22.2.jar:2.22.2]
Caused by: org.springframework.security.core.userdetails.UsernameNotFoundException: 用户名或密码错误
	at com.adplatform.module.user.security.UserDetailsServiceImpl.loadUserByUsername(UserDetailsServiceImpl.java:35) ~[classes/:na]
	at org.springframework.security.test.context.support.WithUserDetailsSecurityContextFactory.createSecurityContext(WithUserDetailsSecurityContextFactory.java:61) ~[spring-security-test-5.7.4.jar:5.7.4]
	at org.springframework.security.test.context.support.WithUserDetailsSecurityContextFactory.createSecurityContext(WithUserDetailsSecurityContextFactory.java:43) ~[spring-security-test-5.7.4.jar:5.7.4]
	at org.springframework.security.test.context.support.WithSecurityContextTestExecutionListener.lambda$createTestSecurityContext$0(WithSecurityContextTestExecutionListener.java:123) ~[spring-security-test-5.7.4.jar:5.7.4]
	... 52 common frames omitted

Transaction synchronization deregistering SqlSession [org.apache.ibatis.session.defaults.DefaultSqlSession@3f7665c5]
Transaction synchronization closing SqlSession [org.apache.ibatis.session.defaults.DefaultSqlSession@3f7665c5]
2024-12-30 22:11:30.827  INFO 17188 --- [           main] o.s.t.c.transaction.TransactionContext   : Rolled back transaction for test: [DefaultTestContext@5ac3673a testClass = UserControllerTest, testInstance = com.adplatform.module.user.controller.UserControllerTest@5680639f, testMethod = testGetUserByIdWithoutPermission@UserControllerTest, testException = java.lang.IllegalStateException: Unable to create SecurityContext using @org.springframework.security.test.context.support.WithUserDetails(setupBefore=TEST_METHOD, userDetailsServiceBeanName="testUserDetailsService", value="test_user"), mergedContextConfiguration = [WebMergedContextConfiguration@315ccea2 testClass = UserControllerTest, locations = '{}', classes = '{class com.adplatform.AdPlatformApplication}', contextInitializerClasses = '[]', activeProfiles = '{}', propertySourceLocations = '{}', propertySourceProperties = '{org.springframework.boot.test.context.SpringBootTestContextBootstrapper=true}', contextCustomizers = set[[ImportsContextCustomizer@559b4958 key = [com.adplatform.module.user.config.TestSecurityConfig, org.springframework.boot.test.autoconfigure.web.servlet.MockMvcAutoConfiguration, org.springframework.boot.test.autoconfigure.web.servlet.MockMvcWebClientAutoConfiguration, org.springframework.boot.test.autoconfigure.web.servlet.MockMvcWebDriverAutoConfiguration, org.springframework.boot.autoconfigure.security.oauth2.client.servlet.OAuth2ClientAutoConfiguration, org.springframework.boot.autoconfigure.security.oauth2.resource.servlet.OAuth2ResourceServerAutoConfiguration, org.springframework.boot.autoconfigure.security.servlet.SecurityAutoConfiguration, org.springframework.boot.autoconfigure.security.servlet.SecurityFilterAutoConfiguration, org.springframework.boot.autoconfigure.security.servlet.UserDetailsServiceAutoConfiguration, org.springframework.boot.test.autoconfigure.web.servlet.MockMvcSecurityConfiguration, org.springframework.boot.test.autoconfigure.web.reactive.WebTestClientAutoConfiguration]], org.springframework.boot.test.context.filter.ExcludeFilterContextCustomizer@3cfdd820, org.springframework.boot.test.json.DuplicateJsonObjectContextCustomizerFactory$DuplicateJsonObjectContextCustomizer@dc9876b, org.springframework.boot.test.mock.mockito.MockitoContextCustomizer@0, org.springframework.boot.test.web.client.TestRestTemplateContextCustomizer@7ba8c737, org.springframework.boot.test.autoconfigure.actuate.metrics.MetricsExportContextCustomizerFactory$DisableMetricExportContextCustomizer@6dd7b5a3, org.springframework.boot.test.autoconfigure.properties.PropertyMappingContextCustomizer@4b3fa0b3, org.springframework.boot.test.autoconfigure.web.servlet.WebDriverContextCustomizerFactory$Customizer@4f4c4b1a, org.springframework.boot.test.context.SpringBootTestArgs@1, org.springframework.boot.test.context.SpringBootTestWebEnvironment@7bc1a03d], resourceBasePath = 'src/main/webapp', contextLoader = 'org.springframework.boot.test.context.SpringBootContextLoader', parent = [null]], attributes = map['org.springframework.test.context.web.ServletTestExecutionListener.activateListener' -> true, 'org.springframework.test.context.web.ServletTestExecutionListener.populatedRequestContextHolder' -> true, 'org.springframework.test.context.web.ServletTestExecutionListener.resetRequestContextHolder' -> true, 'org.springframework.test.context.event.ApplicationEventsTestExecutionListener.recordApplicationEvents' -> false]]
]]></system-out>
  </testcase>
  <testcase name="testUpdateStatus" classname="com.adplatform.module.user.controller.UserControllerTest" time="0.46">
    <failure message="Status expected:&lt;200&gt; but was:&lt;404&gt;" type="java.lang.AssertionError"><![CDATA[java.lang.AssertionError: Status expected:<200> but was:<404>
	at com.adplatform.module.user.controller.UserControllerTest.testUpdateStatus(UserControllerTest.java:149)
]]></failure>
    <system-out><![CDATA[2024-12-30 22:11:30.847  INFO 17188 --- [           main] o.s.t.c.transaction.TransactionContext   : Began transaction (1) for test context [DefaultTestContext@5ac3673a testClass = UserControllerTest, testInstance = com.adplatform.module.user.controller.UserControllerTest@6d4e4e0c, testMethod = testUpdateStatus@UserControllerTest, testException = [null], mergedContextConfiguration = [WebMergedContextConfiguration@315ccea2 testClass = UserControllerTest, locations = '{}', classes = '{class com.adplatform.AdPlatformApplication}', contextInitializerClasses = '[]', activeProfiles = '{}', propertySourceLocations = '{}', propertySourceProperties = '{org.springframework.boot.test.context.SpringBootTestContextBootstrapper=true}', contextCustomizers = set[[ImportsContextCustomizer@559b4958 key = [com.adplatform.module.user.config.TestSecurityConfig, org.springframework.boot.test.autoconfigure.web.servlet.MockMvcAutoConfiguration, org.springframework.boot.test.autoconfigure.web.servlet.MockMvcWebClientAutoConfiguration, org.springframework.boot.test.autoconfigure.web.servlet.MockMvcWebDriverAutoConfiguration, org.springframework.boot.autoconfigure.security.oauth2.client.servlet.OAuth2ClientAutoConfiguration, org.springframework.boot.autoconfigure.security.oauth2.resource.servlet.OAuth2ResourceServerAutoConfiguration, org.springframework.boot.autoconfigure.security.servlet.SecurityAutoConfiguration, org.springframework.boot.autoconfigure.security.servlet.SecurityFilterAutoConfiguration, org.springframework.boot.autoconfigure.security.servlet.UserDetailsServiceAutoConfiguration, org.springframework.boot.test.autoconfigure.web.servlet.MockMvcSecurityConfiguration, org.springframework.boot.test.autoconfigure.web.reactive.WebTestClientAutoConfiguration]], org.springframework.boot.test.context.filter.ExcludeFilterContextCustomizer@3cfdd820, org.springframework.boot.test.json.DuplicateJsonObjectContextCustomizerFactory$DuplicateJsonObjectContextCustomizer@dc9876b, org.springframework.boot.test.mock.mockito.MockitoContextCustomizer@0, org.springframework.boot.test.web.client.TestRestTemplateContextCustomizer@7ba8c737, org.springframework.boot.test.autoconfigure.actuate.metrics.MetricsExportContextCustomizerFactory$DisableMetricExportContextCustomizer@6dd7b5a3, org.springframework.boot.test.autoconfigure.properties.PropertyMappingContextCustomizer@4b3fa0b3, org.springframework.boot.test.autoconfigure.web.servlet.WebDriverContextCustomizerFactory$Customizer@4f4c4b1a, org.springframework.boot.test.context.SpringBootTestArgs@1, org.springframework.boot.test.context.SpringBootTestWebEnvironment@7bc1a03d], resourceBasePath = 'src/main/webapp', contextLoader = 'org.springframework.boot.test.context.SpringBootContextLoader', parent = [null]], attributes = map['org.springframework.test.context.web.ServletTestExecutionListener.activateListener' -> true, 'org.springframework.test.context.web.ServletTestExecutionListener.populatedRequestContextHolder' -> true, 'org.springframework.test.context.web.ServletTestExecutionListener.resetRequestContextHolder' -> true, 'org.springframework.test.context.event.ApplicationEventsTestExecutionListener.recordApplicationEvents' -> false]]; transaction manager [org.springframework.jdbc.support.JdbcTransactionManager@14a00e66]; rollback [true]
2024-12-30 22:11:30.855  INFO 17188 --- [           main] c.a.m.u.controller.UserControllerTest    : 开始创建测试用户 test_user
2024-12-30 22:11:30.872  INFO 17188 --- [           main] c.a.m.user.service.impl.UserServiceImpl  : 开始注册用户，用户名: test_user
Creating a new SqlSession
Registering transaction synchronization for SqlSession [org.apache.ibatis.session.defaults.DefaultSqlSession@61a35f53]
JDBC Connection [HikariProxyConnection@501752975 wrapping com.mysql.cj.jdbc.ConnectionImpl@d6ee83b] will be managed by Spring
==>  Preparing: SELECT COUNT( * ) FROM user WHERE (username = ?)
==> Parameters: test_user(String)
<==    Columns: COUNT( * )
<==        Row: 0
<==      Total: 1
Releasing transactional SqlSession [org.apache.ibatis.session.defaults.DefaultSqlSession@61a35f53]
Fetched SqlSession [org.apache.ibatis.session.defaults.DefaultSqlSession@61a35f53] from current transaction
==>  Preparing: SELECT COUNT( * ) FROM user WHERE (email = ?)
==> Parameters: test@example.com(String)
<==    Columns: COUNT( * )
<==        Row: 0
<==      Total: 1
Releasing transactional SqlSession [org.apache.ibatis.session.defaults.DefaultSqlSession@61a35f53]
Fetched SqlSession [org.apache.ibatis.session.defaults.DefaultSqlSession@61a35f53] from current transaction
==>  Preparing: INSERT INTO user ( username, password, email, user_type, status, balance, create_time, update_time ) VALUES ( ?, ?, ?, ?, ?, ?, ?, ? )
==> Parameters: test_user(String), $2a$10$w4FwZ6/aJpgYy.pwiUXMWeGpaFG3qXn6dJJMmFSDUAESN415Fc47G(String), test@example.com(String), 1(Integer), 1(Integer), 0(BigDecimal), 2024-12-30T22:11:31.049736900(LocalDateTime), 2024-12-30T22:11:31.049736900(LocalDateTime)
<==    Updates: 1
Releasing transactional SqlSession [org.apache.ibatis.session.defaults.DefaultSqlSession@61a35f53]
2024-12-30 22:11:31.095  INFO 17188 --- [           main] c.a.m.user.service.impl.UserServiceImpl  : 用户注册成功，用户ID: 8
2024-12-30 22:11:31.098  INFO 17188 --- [           main] c.a.m.u.controller.UserControllerTest    : 测试用户创建成功，用户ID: 8
2024-12-30 22:11:31.099  INFO 17188 --- [           main] c.a.m.u.controller.UserControllerTest    : 开始测试管理员更新用户状态
2024-12-30 22:11:31.099  INFO 17188 --- [           main] c.a.m.user.service.impl.UserServiceImpl  : 开始注册用户，用户名: test_user2
Fetched SqlSession [org.apache.ibatis.session.defaults.DefaultSqlSession@61a35f53] from current transaction
==>  Preparing: SELECT COUNT( * ) FROM user WHERE (username = ?)
==> Parameters: test_user2(String)
<==    Columns: COUNT( * )
<==        Row: 0
<==      Total: 1
Releasing transactional SqlSession [org.apache.ibatis.session.defaults.DefaultSqlSession@61a35f53]
Fetched SqlSession [org.apache.ibatis.session.defaults.DefaultSqlSession@61a35f53] from current transaction
==>  Preparing: SELECT COUNT( * ) FROM user WHERE (email = ?)
==> Parameters: test2@example.com(String)
<==    Columns: COUNT( * )
<==        Row: 0
<==      Total: 1
Releasing transactional SqlSession [org.apache.ibatis.session.defaults.DefaultSqlSession@61a35f53]
Fetched SqlSession [org.apache.ibatis.session.defaults.DefaultSqlSession@61a35f53] from current transaction
==>  Preparing: INSERT INTO user ( username, password, email, user_type, status, balance, create_time, update_time ) VALUES ( ?, ?, ?, ?, ?, ?, ?, ? )
==> Parameters: test_user2(String), $2a$10$mVotTg8bZaSmTjVoK0mSk.fh8vn8kStGb4YLBusizJiArqw/kWGuK(String), test2@example.com(String), 1(Integer), 1(Integer), 0(BigDecimal), 2024-12-30T22:11:31.216291400(LocalDateTime), 2024-12-30T22:11:31.216291400(LocalDateTime)
<==    Updates: 1
Releasing transactional SqlSession [org.apache.ibatis.session.defaults.DefaultSqlSession@61a35f53]
2024-12-30 22:11:31.252  INFO 17188 --- [           main] c.a.m.user.service.impl.UserServiceImpl  : 用户注册成功，用户ID: 9
2024-12-30 22:11:31.253  INFO 17188 --- [           main] c.a.m.u.controller.UserControllerTest    : 创建待更新状态的用户成功，用户ID: 9

MockHttpServletRequest:
      HTTP Method = PUT
      Request URI = /api/v1/users/9/status
       Parameters = {status=[0]}
          Headers = [Content-Type:"application/json;charset=UTF-8"]
             Body = null
    Session Attrs = {}

Handler:
             Type = org.springframework.web.servlet.resource.ResourceHttpRequestHandler

Async:
    Async started = false
     Async result = null

Resolved Exception:
             Type = null

ModelAndView:
        View name = null
             View = null
            Model = null

FlashMap:
       Attributes = null

MockHttpServletResponse:
           Status = 404
    Error message = null
          Headers = [Vary:"Origin", "Access-Control-Request-Method", "Access-Control-Request-Headers", X-Content-Type-Options:"nosniff", X-XSS-Protection:"1; mode=block", Cache-Control:"no-cache, no-store, max-age=0, must-revalidate", Pragma:"no-cache", Expires:"0", X-Frame-Options:"DENY"]
     Content type = null
             Body = 
    Forwarded URL = null
   Redirected URL = null
          Cookies = []
Transaction synchronization deregistering SqlSession [org.apache.ibatis.session.defaults.DefaultSqlSession@61a35f53]
Transaction synchronization closing SqlSession [org.apache.ibatis.session.defaults.DefaultSqlSession@61a35f53]
2024-12-30 22:11:31.290  INFO 17188 --- [           main] o.s.t.c.transaction.TransactionContext   : Rolled back transaction for test: [DefaultTestContext@5ac3673a testClass = UserControllerTest, testInstance = com.adplatform.module.user.controller.UserControllerTest@6d4e4e0c, testMethod = testUpdateStatus@UserControllerTest, testException = java.lang.AssertionError: Status expected:<200> but was:<404>, mergedContextConfiguration = [WebMergedContextConfiguration@315ccea2 testClass = UserControllerTest, locations = '{}', classes = '{class com.adplatform.AdPlatformApplication}', contextInitializerClasses = '[]', activeProfiles = '{}', propertySourceLocations = '{}', propertySourceProperties = '{org.springframework.boot.test.context.SpringBootTestContextBootstrapper=true}', contextCustomizers = set[[ImportsContextCustomizer@559b4958 key = [com.adplatform.module.user.config.TestSecurityConfig, org.springframework.boot.test.autoconfigure.web.servlet.MockMvcAutoConfiguration, org.springframework.boot.test.autoconfigure.web.servlet.MockMvcWebClientAutoConfiguration, org.springframework.boot.test.autoconfigure.web.servlet.MockMvcWebDriverAutoConfiguration, org.springframework.boot.autoconfigure.security.oauth2.client.servlet.OAuth2ClientAutoConfiguration, org.springframework.boot.autoconfigure.security.oauth2.resource.servlet.OAuth2ResourceServerAutoConfiguration, org.springframework.boot.autoconfigure.security.servlet.SecurityAutoConfiguration, org.springframework.boot.autoconfigure.security.servlet.SecurityFilterAutoConfiguration, org.springframework.boot.autoconfigure.security.servlet.UserDetailsServiceAutoConfiguration, org.springframework.boot.test.autoconfigure.web.servlet.MockMvcSecurityConfiguration, org.springframework.boot.test.autoconfigure.web.reactive.WebTestClientAutoConfiguration]], org.springframework.boot.test.context.filter.ExcludeFilterContextCustomizer@3cfdd820, org.springframework.boot.test.json.DuplicateJsonObjectContextCustomizerFactory$DuplicateJsonObjectContextCustomizer@dc9876b, org.springframework.boot.test.mock.mockito.MockitoContextCustomizer@0, org.springframework.boot.test.web.client.TestRestTemplateContextCustomizer@7ba8c737, org.springframework.boot.test.autoconfigure.actuate.metrics.MetricsExportContextCustomizerFactory$DisableMetricExportContextCustomizer@6dd7b5a3, org.springframework.boot.test.autoconfigure.properties.PropertyMappingContextCustomizer@4b3fa0b3, org.springframework.boot.test.autoconfigure.web.servlet.WebDriverContextCustomizerFactory$Customizer@4f4c4b1a, org.springframework.boot.test.context.SpringBootTestArgs@1, org.springframework.boot.test.context.SpringBootTestWebEnvironment@7bc1a03d], resourceBasePath = 'src/main/webapp', contextLoader = 'org.springframework.boot.test.context.SpringBootContextLoader', parent = [null]], attributes = map['org.springframework.test.context.web.ServletTestExecutionListener.activateListener' -> true, 'org.springframework.test.context.web.ServletTestExecutionListener.populatedRequestContextHolder' -> true, 'org.springframework.test.context.web.ServletTestExecutionListener.resetRequestContextHolder' -> true, 'org.springframework.test.context.event.ApplicationEventsTestExecutionListener.recordApplicationEvents' -> false]]
]]></system-out>
  </testcase>
  <testcase name="testUpdateStatusWithoutPermission" classname="com.adplatform.module.user.controller.UserControllerTest" time="0.408">
    <failure message="Status expected:&lt;403&gt; but was:&lt;404&gt;" type="java.lang.AssertionError"><![CDATA[java.lang.AssertionError: Status expected:<403> but was:<404>
	at com.adplatform.module.user.controller.UserControllerTest.testUpdateStatusWithoutPermission(UserControllerTest.java:184)
]]></failure>
    <system-out><![CDATA[2024-12-30 22:11:31.307  INFO 17188 --- [           main] o.s.t.c.transaction.TransactionContext   : Began transaction (1) for test context [DefaultTestContext@5ac3673a testClass = UserControllerTest, testInstance = com.adplatform.module.user.controller.UserControllerTest@11553864, testMethod = testUpdateStatusWithoutPermission@UserControllerTest, testException = [null], mergedContextConfiguration = [WebMergedContextConfiguration@315ccea2 testClass = UserControllerTest, locations = '{}', classes = '{class com.adplatform.AdPlatformApplication}', contextInitializerClasses = '[]', activeProfiles = '{}', propertySourceLocations = '{}', propertySourceProperties = '{org.springframework.boot.test.context.SpringBootTestContextBootstrapper=true}', contextCustomizers = set[[ImportsContextCustomizer@559b4958 key = [com.adplatform.module.user.config.TestSecurityConfig, org.springframework.boot.test.autoconfigure.web.servlet.MockMvcAutoConfiguration, org.springframework.boot.test.autoconfigure.web.servlet.MockMvcWebClientAutoConfiguration, org.springframework.boot.test.autoconfigure.web.servlet.MockMvcWebDriverAutoConfiguration, org.springframework.boot.autoconfigure.security.oauth2.client.servlet.OAuth2ClientAutoConfiguration, org.springframework.boot.autoconfigure.security.oauth2.resource.servlet.OAuth2ResourceServerAutoConfiguration, org.springframework.boot.autoconfigure.security.servlet.SecurityAutoConfiguration, org.springframework.boot.autoconfigure.security.servlet.SecurityFilterAutoConfiguration, org.springframework.boot.autoconfigure.security.servlet.UserDetailsServiceAutoConfiguration, org.springframework.boot.test.autoconfigure.web.servlet.MockMvcSecurityConfiguration, org.springframework.boot.test.autoconfigure.web.reactive.WebTestClientAutoConfiguration]], org.springframework.boot.test.context.filter.ExcludeFilterContextCustomizer@3cfdd820, org.springframework.boot.test.json.DuplicateJsonObjectContextCustomizerFactory$DuplicateJsonObjectContextCustomizer@dc9876b, org.springframework.boot.test.mock.mockito.MockitoContextCustomizer@0, org.springframework.boot.test.web.client.TestRestTemplateContextCustomizer@7ba8c737, org.springframework.boot.test.autoconfigure.actuate.metrics.MetricsExportContextCustomizerFactory$DisableMetricExportContextCustomizer@6dd7b5a3, org.springframework.boot.test.autoconfigure.properties.PropertyMappingContextCustomizer@4b3fa0b3, org.springframework.boot.test.autoconfigure.web.servlet.WebDriverContextCustomizerFactory$Customizer@4f4c4b1a, org.springframework.boot.test.context.SpringBootTestArgs@1, org.springframework.boot.test.context.SpringBootTestWebEnvironment@7bc1a03d], resourceBasePath = 'src/main/webapp', contextLoader = 'org.springframework.boot.test.context.SpringBootContextLoader', parent = [null]], attributes = map['org.springframework.test.context.web.ServletTestExecutionListener.activateListener' -> true, 'org.springframework.test.context.web.ServletTestExecutionListener.populatedRequestContextHolder' -> true, 'org.springframework.test.context.web.ServletTestExecutionListener.resetRequestContextHolder' -> true, 'org.springframework.test.context.event.ApplicationEventsTestExecutionListener.recordApplicationEvents' -> false]]; transaction manager [org.springframework.jdbc.support.JdbcTransactionManager@14a00e66]; rollback [true]
2024-12-30 22:11:31.309  INFO 17188 --- [           main] c.a.m.u.controller.UserControllerTest    : 开始创建测试用户 test_user
2024-12-30 22:11:31.309  INFO 17188 --- [           main] c.a.m.user.service.impl.UserServiceImpl  : 开始注册用户，用户名: test_user
Creating a new SqlSession
Registering transaction synchronization for SqlSession [org.apache.ibatis.session.defaults.DefaultSqlSession@2ca57834]
JDBC Connection [HikariProxyConnection@746356831 wrapping com.mysql.cj.jdbc.ConnectionImpl@d6ee83b] will be managed by Spring
==>  Preparing: SELECT COUNT( * ) FROM user WHERE (username = ?)
==> Parameters: test_user(String)
<==    Columns: COUNT( * )
<==        Row: 0
<==      Total: 1
Releasing transactional SqlSession [org.apache.ibatis.session.defaults.DefaultSqlSession@2ca57834]
Fetched SqlSession [org.apache.ibatis.session.defaults.DefaultSqlSession@2ca57834] from current transaction
==>  Preparing: SELECT COUNT( * ) FROM user WHERE (email = ?)
==> Parameters: test@example.com(String)
<==    Columns: COUNT( * )
<==        Row: 0
<==      Total: 1
Releasing transactional SqlSession [org.apache.ibatis.session.defaults.DefaultSqlSession@2ca57834]
Fetched SqlSession [org.apache.ibatis.session.defaults.DefaultSqlSession@2ca57834] from current transaction
==>  Preparing: INSERT INTO user ( username, password, email, user_type, status, balance, create_time, update_time ) VALUES ( ?, ?, ?, ?, ?, ?, ?, ? )
==> Parameters: test_user(String), $2a$10$36YUkETceWhYVZautETuUeqWZQO305x32R1hsp9/bj5BM/2CRpPtK(String), test@example.com(String), 1(Integer), 1(Integer), 0(BigDecimal), 2024-12-30T22:11:31.421740500(LocalDateTime), 2024-12-30T22:11:31.421740500(LocalDateTime)
<==    Updates: 1
Releasing transactional SqlSession [org.apache.ibatis.session.defaults.DefaultSqlSession@2ca57834]
2024-12-30 22:11:31.454  INFO 17188 --- [           main] c.a.m.user.service.impl.UserServiceImpl  : 用户注册成功，用户ID: 10
2024-12-30 22:11:31.454  INFO 17188 --- [           main] c.a.m.u.controller.UserControllerTest    : 测试用户创建成功，用户ID: 10
2024-12-30 22:11:31.455  INFO 17188 --- [           main] c.a.m.u.controller.UserControllerTest    : 开始测试普通用户无权限更新用户状态
2024-12-30 22:11:31.456  INFO 17188 --- [           main] c.a.m.user.service.impl.UserServiceImpl  : 开始注册用户，用户名: test_user2
Fetched SqlSession [org.apache.ibatis.session.defaults.DefaultSqlSession@2ca57834] from current transaction
==>  Preparing: SELECT COUNT( * ) FROM user WHERE (username = ?)
==> Parameters: test_user2(String)
<==    Columns: COUNT( * )
<==        Row: 0
<==      Total: 1
Releasing transactional SqlSession [org.apache.ibatis.session.defaults.DefaultSqlSession@2ca57834]
Fetched SqlSession [org.apache.ibatis.session.defaults.DefaultSqlSession@2ca57834] from current transaction
==>  Preparing: SELECT COUNT( * ) FROM user WHERE (email = ?)
==> Parameters: test2@example.com(String)
<==    Columns: COUNT( * )
<==        Row: 0
<==      Total: 1
Releasing transactional SqlSession [org.apache.ibatis.session.defaults.DefaultSqlSession@2ca57834]
Fetched SqlSession [org.apache.ibatis.session.defaults.DefaultSqlSession@2ca57834] from current transaction
==>  Preparing: INSERT INTO user ( username, password, email, user_type, status, balance, create_time, update_time ) VALUES ( ?, ?, ?, ?, ?, ?, ?, ? )
==> Parameters: test_user2(String), $2a$10$ANjxSyxA6BgUccfsBedfkutXgj8KIACAbZprYNs/nivHQ5cBhd0wS(String), test2@example.com(String), 1(Integer), 1(Integer), 0(BigDecimal), 2024-12-30T22:11:31.632176800(LocalDateTime), 2024-12-30T22:11:31.632176800(LocalDateTime)
<==    Updates: 1
Releasing transactional SqlSession [org.apache.ibatis.session.defaults.DefaultSqlSession@2ca57834]
2024-12-30 22:11:31.663  INFO 17188 --- [           main] c.a.m.user.service.impl.UserServiceImpl  : 用户注册成功，用户ID: 11
2024-12-30 22:11:31.663  INFO 17188 --- [           main] c.a.m.u.controller.UserControllerTest    : 创建目标用户成功，用户ID: 11

MockHttpServletRequest:
      HTTP Method = PUT
      Request URI = /api/v1/users/11/status
       Parameters = {status=[0]}
          Headers = [Content-Type:"application/json;charset=UTF-8"]
             Body = null
    Session Attrs = {}

Handler:
             Type = org.springframework.web.servlet.resource.ResourceHttpRequestHandler

Async:
    Async started = false
     Async result = null

Resolved Exception:
             Type = null

ModelAndView:
        View name = null
             View = null
            Model = null

FlashMap:
       Attributes = null

MockHttpServletResponse:
           Status = 404
    Error message = null
          Headers = [Vary:"Origin", "Access-Control-Request-Method", "Access-Control-Request-Headers", X-Content-Type-Options:"nosniff", X-XSS-Protection:"1; mode=block", Cache-Control:"no-cache, no-store, max-age=0, must-revalidate", Pragma:"no-cache", Expires:"0", X-Frame-Options:"DENY"]
     Content type = null
             Body = 
    Forwarded URL = null
   Redirected URL = null
          Cookies = []
Transaction synchronization deregistering SqlSession [org.apache.ibatis.session.defaults.DefaultSqlSession@2ca57834]
Transaction synchronization closing SqlSession [org.apache.ibatis.session.defaults.DefaultSqlSession@2ca57834]
2024-12-30 22:11:31.699  INFO 17188 --- [           main] o.s.t.c.transaction.TransactionContext   : Rolled back transaction for test: [DefaultTestContext@5ac3673a testClass = UserControllerTest, testInstance = com.adplatform.module.user.controller.UserControllerTest@11553864, testMethod = testUpdateStatusWithoutPermission@UserControllerTest, testException = java.lang.AssertionError: Status expected:<403> but was:<404>, mergedContextConfiguration = [WebMergedContextConfiguration@315ccea2 testClass = UserControllerTest, locations = '{}', classes = '{class com.adplatform.AdPlatformApplication}', contextInitializerClasses = '[]', activeProfiles = '{}', propertySourceLocations = '{}', propertySourceProperties = '{org.springframework.boot.test.context.SpringBootTestContextBootstrapper=true}', contextCustomizers = set[[ImportsContextCustomizer@559b4958 key = [com.adplatform.module.user.config.TestSecurityConfig, org.springframework.boot.test.autoconfigure.web.servlet.MockMvcAutoConfiguration, org.springframework.boot.test.autoconfigure.web.servlet.MockMvcWebClientAutoConfiguration, org.springframework.boot.test.autoconfigure.web.servlet.MockMvcWebDriverAutoConfiguration, org.springframework.boot.autoconfigure.security.oauth2.client.servlet.OAuth2ClientAutoConfiguration, org.springframework.boot.autoconfigure.security.oauth2.resource.servlet.OAuth2ResourceServerAutoConfiguration, org.springframework.boot.autoconfigure.security.servlet.SecurityAutoConfiguration, org.springframework.boot.autoconfigure.security.servlet.SecurityFilterAutoConfiguration, org.springframework.boot.autoconfigure.security.servlet.UserDetailsServiceAutoConfiguration, org.springframework.boot.test.autoconfigure.web.servlet.MockMvcSecurityConfiguration, org.springframework.boot.test.autoconfigure.web.reactive.WebTestClientAutoConfiguration]], org.springframework.boot.test.context.filter.ExcludeFilterContextCustomizer@3cfdd820, org.springframework.boot.test.json.DuplicateJsonObjectContextCustomizerFactory$DuplicateJsonObjectContextCustomizer@dc9876b, org.springframework.boot.test.mock.mockito.MockitoContextCustomizer@0, org.springframework.boot.test.web.client.TestRestTemplateContextCustomizer@7ba8c737, org.springframework.boot.test.autoconfigure.actuate.metrics.MetricsExportContextCustomizerFactory$DisableMetricExportContextCustomizer@6dd7b5a3, org.springframework.boot.test.autoconfigure.properties.PropertyMappingContextCustomizer@4b3fa0b3, org.springframework.boot.test.autoconfigure.web.servlet.WebDriverContextCustomizerFactory$Customizer@4f4c4b1a, org.springframework.boot.test.context.SpringBootTestArgs@1, org.springframework.boot.test.context.SpringBootTestWebEnvironment@7bc1a03d], resourceBasePath = 'src/main/webapp', contextLoader = 'org.springframework.boot.test.context.SpringBootContextLoader', parent = [null]], attributes = map['org.springframework.test.context.web.ServletTestExecutionListener.activateListener' -> true, 'org.springframework.test.context.web.ServletTestExecutionListener.populatedRequestContextHolder' -> true, 'org.springframework.test.context.web.ServletTestExecutionListener.resetRequestContextHolder' -> true, 'org.springframework.test.context.event.ApplicationEventsTestExecutionListener.recordApplicationEvents' -> false]]
]]></system-out>
  </testcase>
  <testcase name="testGetUserById" classname="com.adplatform.module.user.controller.UserControllerTest" time="0.377">
    <failure message="Status expected:&lt;200&gt; but was:&lt;404&gt;" type="java.lang.AssertionError"><![CDATA[java.lang.AssertionError: Status expected:<200> but was:<404>
	at com.adplatform.module.user.controller.UserControllerTest.testGetUserById(UserControllerTest.java:81)
]]></failure>
    <system-out><![CDATA[2024-12-30 22:11:31.719  INFO 17188 --- [           main] o.s.t.c.transaction.TransactionContext   : Began transaction (1) for test context [DefaultTestContext@5ac3673a testClass = UserControllerTest, testInstance = com.adplatform.module.user.controller.UserControllerTest@75a46b, testMethod = testGetUserById@UserControllerTest, testException = [null], mergedContextConfiguration = [WebMergedContextConfiguration@315ccea2 testClass = UserControllerTest, locations = '{}', classes = '{class com.adplatform.AdPlatformApplication}', contextInitializerClasses = '[]', activeProfiles = '{}', propertySourceLocations = '{}', propertySourceProperties = '{org.springframework.boot.test.context.SpringBootTestContextBootstrapper=true}', contextCustomizers = set[[ImportsContextCustomizer@559b4958 key = [com.adplatform.module.user.config.TestSecurityConfig, org.springframework.boot.test.autoconfigure.web.servlet.MockMvcAutoConfiguration, org.springframework.boot.test.autoconfigure.web.servlet.MockMvcWebClientAutoConfiguration, org.springframework.boot.test.autoconfigure.web.servlet.MockMvcWebDriverAutoConfiguration, org.springframework.boot.autoconfigure.security.oauth2.client.servlet.OAuth2ClientAutoConfiguration, org.springframework.boot.autoconfigure.security.oauth2.resource.servlet.OAuth2ResourceServerAutoConfiguration, org.springframework.boot.autoconfigure.security.servlet.SecurityAutoConfiguration, org.springframework.boot.autoconfigure.security.servlet.SecurityFilterAutoConfiguration, org.springframework.boot.autoconfigure.security.servlet.UserDetailsServiceAutoConfiguration, org.springframework.boot.test.autoconfigure.web.servlet.MockMvcSecurityConfiguration, org.springframework.boot.test.autoconfigure.web.reactive.WebTestClientAutoConfiguration]], org.springframework.boot.test.context.filter.ExcludeFilterContextCustomizer@3cfdd820, org.springframework.boot.test.json.DuplicateJsonObjectContextCustomizerFactory$DuplicateJsonObjectContextCustomizer@dc9876b, org.springframework.boot.test.mock.mockito.MockitoContextCustomizer@0, org.springframework.boot.test.web.client.TestRestTemplateContextCustomizer@7ba8c737, org.springframework.boot.test.autoconfigure.actuate.metrics.MetricsExportContextCustomizerFactory$DisableMetricExportContextCustomizer@6dd7b5a3, org.springframework.boot.test.autoconfigure.properties.PropertyMappingContextCustomizer@4b3fa0b3, org.springframework.boot.test.autoconfigure.web.servlet.WebDriverContextCustomizerFactory$Customizer@4f4c4b1a, org.springframework.boot.test.context.SpringBootTestArgs@1, org.springframework.boot.test.context.SpringBootTestWebEnvironment@7bc1a03d], resourceBasePath = 'src/main/webapp', contextLoader = 'org.springframework.boot.test.context.SpringBootContextLoader', parent = [null]], attributes = map['org.springframework.test.context.web.ServletTestExecutionListener.activateListener' -> true, 'org.springframework.test.context.web.ServletTestExecutionListener.populatedRequestContextHolder' -> true, 'org.springframework.test.context.web.ServletTestExecutionListener.resetRequestContextHolder' -> true, 'org.springframework.test.context.event.ApplicationEventsTestExecutionListener.recordApplicationEvents' -> false]]; transaction manager [org.springframework.jdbc.support.JdbcTransactionManager@14a00e66]; rollback [true]
2024-12-30 22:11:31.720  INFO 17188 --- [           main] c.a.m.u.controller.UserControllerTest    : 开始创建测试用户 test_user
2024-12-30 22:11:31.721  INFO 17188 --- [           main] c.a.m.user.service.impl.UserServiceImpl  : 开始注册用户，用户名: test_user
Creating a new SqlSession
Registering transaction synchronization for SqlSession [org.apache.ibatis.session.defaults.DefaultSqlSession@278537ab]
JDBC Connection [HikariProxyConnection@158019636 wrapping com.mysql.cj.jdbc.ConnectionImpl@d6ee83b] will be managed by Spring
==>  Preparing: SELECT COUNT( * ) FROM user WHERE (username = ?)
==> Parameters: test_user(String)
<==    Columns: COUNT( * )
<==        Row: 0
<==      Total: 1
Releasing transactional SqlSession [org.apache.ibatis.session.defaults.DefaultSqlSession@278537ab]
Fetched SqlSession [org.apache.ibatis.session.defaults.DefaultSqlSession@278537ab] from current transaction
==>  Preparing: SELECT COUNT( * ) FROM user WHERE (email = ?)
==> Parameters: test@example.com(String)
<==    Columns: COUNT( * )
<==        Row: 0
<==      Total: 1
Releasing transactional SqlSession [org.apache.ibatis.session.defaults.DefaultSqlSession@278537ab]
Fetched SqlSession [org.apache.ibatis.session.defaults.DefaultSqlSession@278537ab] from current transaction
==>  Preparing: INSERT INTO user ( username, password, email, user_type, status, balance, create_time, update_time ) VALUES ( ?, ?, ?, ?, ?, ?, ?, ? )
==> Parameters: test_user(String), $2a$10$dCl40bW8Taa.OWgfPcGnk.XpjXiV1WM96AQWTT9CKDSjH8qLzzmtS(String), test@example.com(String), 1(Integer), 1(Integer), 0(BigDecimal), 2024-12-30T22:11:31.835633800(LocalDateTime), 2024-12-30T22:11:31.835633800(LocalDateTime)
<==    Updates: 1
Releasing transactional SqlSession [org.apache.ibatis.session.defaults.DefaultSqlSession@278537ab]
2024-12-30 22:11:31.865  INFO 17188 --- [           main] c.a.m.user.service.impl.UserServiceImpl  : 用户注册成功，用户ID: 12
2024-12-30 22:11:31.865  INFO 17188 --- [           main] c.a.m.u.controller.UserControllerTest    : 测试用户创建成功，用户ID: 12
2024-12-30 22:11:31.866  INFO 17188 --- [           main] c.a.m.u.controller.UserControllerTest    : 开始测试管理员获取用户信息
2024-12-30 22:11:31.866  INFO 17188 --- [           main] c.a.m.user.service.impl.UserServiceImpl  : 开始注册用户，用户名: test_user2
Fetched SqlSession [org.apache.ibatis.session.defaults.DefaultSqlSession@278537ab] from current transaction
==>  Preparing: SELECT COUNT( * ) FROM user WHERE (username = ?)
==> Parameters: test_user2(String)
<==    Columns: COUNT( * )
<==        Row: 0
<==      Total: 1
Releasing transactional SqlSession [org.apache.ibatis.session.defaults.DefaultSqlSession@278537ab]
Fetched SqlSession [org.apache.ibatis.session.defaults.DefaultSqlSession@278537ab] from current transaction
==>  Preparing: SELECT COUNT( * ) FROM user WHERE (email = ?)
==> Parameters: test2@example.com(String)
<==    Columns: COUNT( * )
<==        Row: 0
<==      Total: 1
Releasing transactional SqlSession [org.apache.ibatis.session.defaults.DefaultSqlSession@278537ab]
Fetched SqlSession [org.apache.ibatis.session.defaults.DefaultSqlSession@278537ab] from current transaction
==>  Preparing: INSERT INTO user ( username, password, email, user_type, status, balance, create_time, update_time ) VALUES ( ?, ?, ?, ?, ?, ?, ?, ? )
==> Parameters: test_user2(String), $2a$10$vE3a8JAT6Ht4/O/hnnW1G.MnHgOq06sZoyzaC0mJf79HjyAe5roE2(String), test2@example.com(String), 1(Integer), 1(Integer), 0(BigDecimal), 2024-12-30T22:11:31.997319700(LocalDateTime), 2024-12-30T22:11:31.997319700(LocalDateTime)
<==    Updates: 1
Releasing transactional SqlSession [org.apache.ibatis.session.defaults.DefaultSqlSession@278537ab]
2024-12-30 22:11:32.030  INFO 17188 --- [           main] c.a.m.user.service.impl.UserServiceImpl  : 用户注册成功，用户ID: 13
2024-12-30 22:11:32.030  INFO 17188 --- [           main] c.a.m.u.controller.UserControllerTest    : 创建待查询用户成功，用户ID: 13

MockHttpServletRequest:
      HTTP Method = GET
      Request URI = /api/v1/users/13
       Parameters = {}
          Headers = [Content-Type:"application/json;charset=UTF-8"]
             Body = null
    Session Attrs = {}

Handler:
             Type = org.springframework.web.servlet.resource.ResourceHttpRequestHandler

Async:
    Async started = false
     Async result = null

Resolved Exception:
             Type = null

ModelAndView:
        View name = null
             View = null
            Model = null

FlashMap:
       Attributes = null

MockHttpServletResponse:
           Status = 404
    Error message = null
          Headers = [Vary:"Origin", "Access-Control-Request-Method", "Access-Control-Request-Headers", X-Content-Type-Options:"nosniff", X-XSS-Protection:"1; mode=block", Cache-Control:"no-cache, no-store, max-age=0, must-revalidate", Pragma:"no-cache", Expires:"0", X-Frame-Options:"DENY"]
     Content type = null
             Body = 
    Forwarded URL = null
   Redirected URL = null
          Cookies = []
Transaction synchronization deregistering SqlSession [org.apache.ibatis.session.defaults.DefaultSqlSession@278537ab]
Transaction synchronization closing SqlSession [org.apache.ibatis.session.defaults.DefaultSqlSession@278537ab]
2024-12-30 22:11:32.075  INFO 17188 --- [           main] o.s.t.c.transaction.TransactionContext   : Rolled back transaction for test: [DefaultTestContext@5ac3673a testClass = UserControllerTest, testInstance = com.adplatform.module.user.controller.UserControllerTest@75a46b, testMethod = testGetUserById@UserControllerTest, testException = java.lang.AssertionError: Status expected:<200> but was:<404>, mergedContextConfiguration = [WebMergedContextConfiguration@315ccea2 testClass = UserControllerTest, locations = '{}', classes = '{class com.adplatform.AdPlatformApplication}', contextInitializerClasses = '[]', activeProfiles = '{}', propertySourceLocations = '{}', propertySourceProperties = '{org.springframework.boot.test.context.SpringBootTestContextBootstrapper=true}', contextCustomizers = set[[ImportsContextCustomizer@559b4958 key = [com.adplatform.module.user.config.TestSecurityConfig, org.springframework.boot.test.autoconfigure.web.servlet.MockMvcAutoConfiguration, org.springframework.boot.test.autoconfigure.web.servlet.MockMvcWebClientAutoConfiguration, org.springframework.boot.test.autoconfigure.web.servlet.MockMvcWebDriverAutoConfiguration, org.springframework.boot.autoconfigure.security.oauth2.client.servlet.OAuth2ClientAutoConfiguration, org.springframework.boot.autoconfigure.security.oauth2.resource.servlet.OAuth2ResourceServerAutoConfiguration, org.springframework.boot.autoconfigure.security.servlet.SecurityAutoConfiguration, org.springframework.boot.autoconfigure.security.servlet.SecurityFilterAutoConfiguration, org.springframework.boot.autoconfigure.security.servlet.UserDetailsServiceAutoConfiguration, org.springframework.boot.test.autoconfigure.web.servlet.MockMvcSecurityConfiguration, org.springframework.boot.test.autoconfigure.web.reactive.WebTestClientAutoConfiguration]], org.springframework.boot.test.context.filter.ExcludeFilterContextCustomizer@3cfdd820, org.springframework.boot.test.json.DuplicateJsonObjectContextCustomizerFactory$DuplicateJsonObjectContextCustomizer@dc9876b, org.springframework.boot.test.mock.mockito.MockitoContextCustomizer@0, org.springframework.boot.test.web.client.TestRestTemplateContextCustomizer@7ba8c737, org.springframework.boot.test.autoconfigure.actuate.metrics.MetricsExportContextCustomizerFactory$DisableMetricExportContextCustomizer@6dd7b5a3, org.springframework.boot.test.autoconfigure.properties.PropertyMappingContextCustomizer@4b3fa0b3, org.springframework.boot.test.autoconfigure.web.servlet.WebDriverContextCustomizerFactory$Customizer@4f4c4b1a, org.springframework.boot.test.context.SpringBootTestArgs@1, org.springframework.boot.test.context.SpringBootTestWebEnvironment@7bc1a03d], resourceBasePath = 'src/main/webapp', contextLoader = 'org.springframework.boot.test.context.SpringBootContextLoader', parent = [null]], attributes = map['org.springframework.test.context.web.ServletTestExecutionListener.activateListener' -> true, 'org.springframework.test.context.web.ServletTestExecutionListener.populatedRequestContextHolder' -> true, 'org.springframework.test.context.web.ServletTestExecutionListener.resetRequestContextHolder' -> true, 'org.springframework.test.context.event.ApplicationEventsTestExecutionListener.recordApplicationEvents' -> false]]
]]></system-out>
  </testcase>
</testsuite>